<?xml version="1.0" encoding="utf-8"?><testsuites name="pytest tests"><testsuite name="pytest" errors="0" failures="0" skipped="0" tests="9" time="991.954" timestamp="2026-09-14T02:02:32.666553+09:00" hostname="Hibino"><testcase classname="test_hdiv_vim_energy_newton" name="test_auto_preconditioner_policy_is_energy_newton_specific" time="0.001" /><testcase classname="test_hdiv_vim_energy_newton" name="test_default_nonlinear_is_energy_newton_cpp" time="13.609" /><testcase classname="test_hdiv_vim_energy_newton" name="test_energy_newton_deep_saturation" time="87.252" /><testcase classname="test_hdiv_vim_energy_newton" name="test_picard_energy_matches_energy_newton" time="20.157" /><testcase classname="test_hdiv_vim_energy_newton" name="test_picard_mass_riesz_reports_a_final_convergence_contract" time="8.609" /><testcase classname="test_hdiv_vim_energy_newton" name="test_energy_newton_fast_knobs_preserve_solution_and_report_stats" time="28.349" /><testcase classname="test_hdiv_vim_energy_newton" name="test_energy_newton_jacobi_inner_preconditioner_preserves_solution" time="23.626" /><testcase classname="test_hdiv_vim_energy_newton" name="test_energy_newton_jacobi_inner_preconditioner_deep_saturation" time="783.006" /><testcase classname="test_hdiv_vim_energy_newton" name="test_energy_newton_jacobi_inner_preconditioner_multiregion_bh_dict" time="27.172" /></testsuite></testsuites>