<?xml version="1.0" encoding="utf-8"?><testsuites name="pytest tests"><testsuite name="pytest" errors="0" failures="0" skipped="0" tests="9" time="1316.673" timestamp="2026-09-14T01:39:57.732746+09:00" hostname="Hibino"><testcase classname="test_hdiv_vim_energy_newton" name="test_auto_preconditioner_policy_is_energy_newton_specific" time="0.001" /><testcase classname="test_hdiv_vim_energy_newton" name="test_default_nonlinear_is_energy_newton_cpp" time="14.782" /><testcase classname="test_hdiv_vim_energy_newton" name="test_energy_newton_deep_saturation" time="89.987" /><testcase classname="test_hdiv_vim_energy_newton" name="test_picard_energy_matches_energy_newton" time="19.213" /><testcase classname="test_hdiv_vim_energy_newton" name="test_picard_mass_riesz_reports_a_final_convergence_contract" time="8.975" /><testcase classname="test_hdiv_vim_energy_newton" name="test_energy_newton_fast_knobs_preserve_solution_and_report_stats" time="25.227" /><testcase classname="test_hdiv_vim_energy_newton" name="test_energy_newton_jacobi_inner_preconditioner_preserves_solution" time="22.907" /><testcase classname="test_hdiv_vim_energy_newton" name="test_energy_newton_jacobi_inner_preconditioner_deep_saturation" time="1107.516" /><testcase classname="test_hdiv_vim_energy_newton" name="test_energy_newton_jacobi_inner_preconditioner_multiregion_bh_dict" time="27.871" /></testsuite></testsuites>